  =====> Input parameters <======
 
 Reaction Channel: A + BC -> AB + C            
 Atoms A, B, C: F , H , H 
 Reduced Masses of BC (a.u.):  918.576323683
 Reduced Masses of ABC (a.u.): 3321.869064361
 v0, j0, l0 :    0   0   0
 Total angular momentum Jtot:    0
 Total parity:    1
 Number of PES:    1
 Initial PES:    1
 
 =====> Initail ro-vibrational state information <=====
 
 lr-PODVR grids range: [    1.448839049,     1.448839049  ] a.u.
 asy-PODVR grids range: [    1.019502471,     3.157342338  ] a.u.
 int-PODVR grids range: [    0.848815631,    24.815275857  ] a.u.
 Please ensure that the PODVR grid covers the relevant region of the BC potential!
 
 Initial ro-vibrational energy of (v0, j0) = ( 0 0) at iPES =  1
 Evj of BC =     0.268171290 eV.
 Evj of BC =  2162.947320591 cm-1.
 Please check the ro-vibrational eigenvalues of BC at j0 in BC_roVibEvj0.chk!
 
 =====> Basis information <=====
 
 IALR basis set, Z in sin-DVR |Z_l>, r in PODVR |r_p>, theta in FBR |JMjK>
 Number of Z grid points :   2390
 Long-range Z grid range: [    31.087411125,  239.900041824 ] a.u.
 Asymptotic Z grid range: [     9.096612296,   30.987452949 ] a.u.
 Interaction Z grid range: [     1.099958176,    8.996654120 ] a.u.
 Number of r PODVR points in interaction region :    120
 Number of r PODVR points in asymptotic region :     10
 Number of r PODVR points in long range region :      1
 Number of (j, K) pairs in interaction region :     46
 Number of (j, K) pairs in asymptotic region :     21
 Number of (j, K) pairs in long range region :      1
 Number of Gaussian-Legendre quadrature in interaction region :     46
 Number of Gaussian-Legendre quadrature in asymptotic region :     21
 Number of Gaussian-Legendre quadrature in long range region :      1
 Maximum numbers of (v, j, K) in interaction region =   120   90    0
 Maximum numbers of (v, j, K) in asymptotic region =    10   40    0
 
 =====> Initial WP infromation <=====
 
 Z0 =    35.000000000 , E0 (eV) =     0.055000000 , delta =     0.800000000
 Initial Gaussian wave-packet normalization check:     0.500042242
 Initial adiabatic total wave-packet normalization check:     0.500042242
 
 =====> Energy information <=====
 
 Total energy points:    99
 Collsion energy interval [     0.000010000 eV ,     0.000990000 eV ]
 Please check Energy_Info.chk !
 De Broglie wavelength for the lowest collision energy:   127.159540199 a.u.
 De Broglie wavelength for the highest collision energy:    12.780014647 a.u.
 
 =====> Vasb information <=====
 
 Absorbing potential in r:
 Range of Vabs: [    4.970284021,    24.970284021 ]
 When nDVR >=   25, the absorbing potential starts to work.
 Please ensure that the intermediate coordinate lies outside the absorbing region !!
 
 Absorbing potential in Z_lr:
 Range of Vabs: [   40.000000000,   240.000000000 ]
 When nDVR >=  390, the absorbing potential starts to work.
 Please ensure that the intermediate coordinate lies outside the absorbing region !!
 
 Absorbing potential in Z_asy:
 Note that the Vabs only works for the channel with (v, j, iPES) /= (v0, j0, initPES)!
 Range of Vabs: [   11.087411125,    31.087411125 ]
 When nDVR >=  100, the absorbing potential starts to work.
 Please ensure that the intermediate coordinate lies outside the absorbing region !!
 
 
 =====> Intermediate coordinate RCB information <=====
 
 
 Intermediate coordinate ichoice = 1, R_r -> Z_p, X, Y = Z_r, theta_r.
 Intermediate coordinate ichoice = 2, Z_r -> Z_p, X, Y = r_r, theta_r.
 Number of product channels:  1
 Product channel 1 : A + BC -> C + AB :
 Reduced Masses of AB (a.u.): 1744.605046288
 Total Masses of C + AB (a.u.): 1749.043589773
 vmax =   4 jmax =  25 jpar =  0
 Evj of AB (v0,jmin) =    -1.104810085 eV.
 Evj of AB (v0,jmin) = -8910.894279274 cm-1.
 Please check the energy!
 Number of jK pairs in channel 1:   26
 ichoice =  1
 Number of intermediate coordinates in channel 1:  781
 Please check InterCoorWF_AB.chk for the wavefunction normalization!
 Zmin:     2.299456294 Zmax:     3.898787118
 rmin:     1.519148633 rmax:     4.823410397
 
 =====> Potential information <=====
 
 Calculating interaction potential in the interaction region...
 Calculating interaction potential in the asymptotic region...
 Calculating interaction potential in the long-range region...
 
 =====> Chebyshev scale information <=====
 
 Hmax(eV) =     36.12641  Hmin =     -5.92107
 H+(eV) =     15.10267  H-(eV) =     21.02374
 Z Kinetic Max(eV) =      4.04577
 r Kinetic Max(eV) =      7.98064, r Kinetic Min(eV) =      0.26817
 Rotational Max(eV) =      8.00000
 CPE Max(eV) =      8.00000
 Vpot Max(eV) =      8.00000, Vpot Min(eV) =     -6.08925
 TimeStep Max =      1.82645
 TimeStep Min =      1.82657
 TimeStep Avg =      1.82651
 
 =====> Chebyshev propagation <=====
 
     Step       intNorm       asyNorm        lrNorm       totNorm      CPU(s)
 ----------------------------------------------------------------------------
        0       0.00000       0.00000       0.50004       0.50004          --
     1000       0.00000       0.00128       0.97978       0.98106      10.143
     2000       0.00000       0.26965       0.73151       1.00117      10.161
     3000       0.00000       0.45005       0.54977       0.99982      10.204
     4000       0.00000       0.48646       0.51371       1.00017      10.335
     5000       0.00000       0.49582       0.50417       1.00000      10.485
     6000       0.00000       0.49876       0.50106       0.99983      10.366
     7000       0.00010       0.49938       0.50033       0.99982      10.184
     8000       0.00263       0.49679       0.49995       0.99937      10.321
     9000       0.01779       0.48174       0.49946       0.99899      10.536
    10000       0.05799       0.44182       0.49875       0.99855      10.547
    11000       0.10870       0.38668       0.49783       0.99321      10.367
    12000       0.16933       0.31597       0.49705       0.98235      10.676
    13000       0.20374       0.25048       0.49600       0.95022      10.496
    14000       0.25803       0.18858       0.49448       0.94109      10.575
    15000       0.29158       0.13801       0.49300       0.92259      10.714
    16000       0.30449       0.10967       0.49129       0.90545      10.715
    17000       0.23857       0.08889       0.48904       0.81650      10.579
    18000       0.12277       0.06340       0.48669       0.67286      10.644
    19000       0.27617       0.05986       0.48417       0.82020      10.551
    20000       0.07162       0.08057       0.48107       0.63326      10.771
    21000       0.19717       0.08217       0.47781       0.75716      10.754
    22000       0.15074       0.08180       0.47434       0.70688      10.765
    23000       0.05763       0.11982       0.47023       0.64767      10.644
    24000       0.05253       0.13415       0.46587       0.65255      10.703
    25000       0.06562       0.13480       0.46140       0.66182      10.981
    26000       0.06933       0.14257       0.45697       0.66887      10.760
    27000       0.06982       0.14960       0.45338       0.67280      10.824
    28000       0.05935       0.15321       0.45149       0.66405      10.732
    29000       0.04340       0.15162       0.45095       0.64598      10.958
    30000       0.03395       0.14716       0.45230       0.63341      10.798
    31000       0.03420       0.14030       0.45503       0.62952      11.051
    32000       0.03390       0.13055       0.45901       0.62346      10.948
    33000       0.02581       0.11827       0.46538       0.60946      11.049
    34000       0.01529       0.10903       0.46898       0.59329      10.894
    35000       0.00900       0.10041       0.47165       0.58105      10.827
    36000       0.00609       0.09057       0.47524       0.57191      10.895
    37000       0.00370       0.08183       0.47719       0.56272      10.979
    38000       0.00294       0.07042       0.48045       0.55380      10.823
    39000       0.00554       0.05711       0.48428       0.54693      10.738
    40000       0.00888       0.04844       0.48286       0.54018      10.848
    41000       0.00855       0.03918       0.48201       0.52974      10.909
    42000       0.00441       0.03431       0.47742       0.51614      10.849
    43000       0.00083       0.03241       0.47052       0.50376      10.867
    44000       0.00099       0.03052       0.46336       0.49487      10.876
    45000       0.00332       0.02771       0.45617       0.48721      10.987
    46000       0.00420       0.02472       0.44841       0.47733      10.913
    47000       0.00258       0.02221       0.44010       0.46489      10.863
    48000       0.00067       0.02052       0.43172       0.45291      10.859
    49000       0.00062       0.01927       0.42352       0.44342      11.040
    50000       0.00181       0.01753       0.41523       0.43457      11.048
    51000       0.00209       0.01506       0.40675       0.42389      10.825
    52000       0.00100       0.01270       0.39844       0.41215      10.899
    53000       0.00021       0.01116       0.39023       0.40161      10.792
    54000       0.00075       0.01002       0.38175       0.39252      10.905
    55000       0.00141       0.00864       0.37294       0.38299      10.942
    56000       0.00091       0.00749       0.36371       0.37212      11.078
    57000       0.00014       0.00737       0.35416       0.36167      10.991
    58000       0.00038       0.00763       0.34482       0.35284      10.872
    59000       0.00099       0.00705       0.33587       0.34392      10.866
    60000       0.00072       0.00587       0.32724       0.33383      11.008
    61000       0.00008       0.00522       0.31889       0.32420      11.018
    62000       0.00028       0.00509       0.31052       0.31589      11.232
    63000       0.00076       0.00475       0.30195       0.30746      11.395
    64000       0.00049       0.00433       0.29352       0.29834      11.129
    65000       0.00004       0.00431       0.28529       0.28964      11.096
    66000       0.00028       0.00432       0.27738       0.28198      11.079
    67000       0.00060       0.00384       0.26961       0.27404      11.066
    68000       0.00028       0.00334       0.26224       0.26586      11.147
    69000       0.00003       0.00331       0.25469       0.25802      11.380
    70000       0.00034       0.00321       0.24744       0.25099      11.309
    71000       0.00043       0.00271       0.24056       0.24370      11.430
    72000       0.00010       0.00243       0.23370       0.23623      11.305
    73000       0.00009       0.00256       0.22691       0.22956      11.686
    74000       0.00036       0.00242       0.22029       0.22307      11.579
    75000       0.00025       0.00208       0.21367       0.21600      11.474
    76000       0.00002       0.00211       0.20724       0.20936      11.509
    77000       0.00018       0.00216       0.20128       0.20362      11.398
    78000       0.00032       0.00178       0.19552       0.19762      11.160
    79000       0.00008       0.00154       0.18935       0.19098      11.228
    80000       0.00004       0.00174       0.18365       0.18543      11.353
    81000       0.00025       0.00173       0.17803       0.18001      11.413
    82000       0.00018       0.00139       0.17240       0.17397      11.661
    83000       0.00001       0.00127       0.16734       0.16862      11.583
    84000       0.00013       0.00134       0.16199       0.16346      11.586
    85000       0.00022       0.00124       0.15660       0.15806      11.753
    86000       0.00005       0.00112       0.15184       0.15302      11.662
    87000       0.00004       0.00117       0.14674       0.14794      11.576
    88000       0.00019       0.00110       0.14179       0.14308      11.585
    89000       0.00011       0.00093       0.13727       0.13831      11.706
    90000       0.00000       0.00097       0.13273       0.13370      11.604
    91000       0.00012       0.00105       0.12804       0.12921      11.581
    92000       0.00015       0.00090       0.12354       0.12459      11.686
    93000       0.00002       0.00079       0.11921       0.12002      11.999
    94000       0.00005       0.00087       0.11498       0.11591      11.772
    95000       0.00014       0.00084       0.11085       0.11184      11.347
    96000       0.00005       0.00073       0.10684       0.10762      11.295
    97000       0.00001       0.00074       0.10291       0.10367      11.337
    98000       0.00012       0.00072       0.09921       0.10004      11.094
    99000       0.00008       0.00061       0.09538       0.09607      11.418
   100000       0.00000       0.00065       0.09176       0.09242      11.148
   101000       0.00007       0.00068       0.08840       0.08915      11.067
   102000       0.00010       0.00051       0.08500       0.08561      11.637
   103000       0.00001       0.00050       0.08157       0.08209      11.507
   104000       0.00004       0.00063       0.07835       0.07901      11.254
   105000       0.00010       0.00052       0.07528       0.07589      11.521
   106000       0.00003       0.00040       0.07220       0.07263      11.301
   107000       0.00001       0.00053       0.06922       0.06976      11.243
   108000       0.00008       0.00053       0.06634       0.06696      11.070
   109000       0.00005       0.00038       0.06348       0.06391      11.068
   110000       0.00000       0.00043       0.06083       0.06127      11.283
   111000       0.00006       0.00050       0.05831       0.05887      11.433
   112000       0.00006       0.00038       0.05574       0.05618      11.426
   113000       0.00001       0.00038       0.05336       0.05374      11.814
   114000       0.00004       0.00047       0.05110       0.05160      11.913
   115000       0.00007       0.00037       0.04887       0.04930      11.553
   116000       0.00002       0.00033       0.04679       0.04713      11.443
   117000       0.00002       0.00044       0.04476       0.04521      11.546
   118000       0.00007       0.00037       0.04285       0.04329      11.222
   119000       0.00002       0.00028       0.04090       0.04121      11.077
   120000       0.00001       0.00038       0.03903       0.03942      11.085
 
 Propagation done!
 
 AB S-matrix written to file: AB_J0L0iPES1.Smat
