  =====> Input parameters <======
 
 Reaction Channel: Inelastic only (A+BC)       
 Atoms A, B, C: Ar, H , F 
 Reduced Masses of BC (a.u.): 1744.605046288
 Reduced Masses of ABC (a.u.):24302.598219733
 v0, j0, l0 :    2   0   0
 Total angular momentum Jtot:    0
 Total parity:    1
 Number of PES:    1
 Initial PES:    1
 
 =====> Initail ro-vibrational state information <=====
 
 lr-PODVR grids range: [    1.601745994,     2.053338309  ] a.u.
 asy-PODVR grids range: [    1.517582087,     2.290490910  ] a.u.
 int-PODVR grids range: [    1.249380965,     3.368426261  ] a.u.
 Please ensure that the PODVR grid covers the relevant region of the BC potential!
 
 Initial ro-vibrational energy of (v0, j0) = ( 2 0) at iPES =  1
 Evj of BC =     1.215243434 eV.
 Evj of BC =  9801.599308257 cm-1.
 Please check the ro-vibrational eigenvalues of BC at j0 in BC_roVibEvj0.chk!
 
 =====> Basis information <=====
 
 IALR basis set, Z in sin-DVR |Z_l>, r in PODVR |r_p>, theta in FBR |JMjK>
 Number of Z grid points :   1960
 Long-range Z grid range: [    54.074451810,  199.900050994 ] a.u.
 Asymptotic Z grid range: [     6.098929118,   53.974502805 ] a.u.
 Interaction Z grid range: [     4.099949006,    5.998980112 ] a.u.
 Inelastic position:    25.000000000 a.u.
 Number of r PODVR points in interaction region :     20
 Number of r PODVR points in asymptotic region :      5
 Number of r PODVR points in long range region :      3
 Number of (j, K) pairs in interaction region :     51
 Number of (j, K) pairs in asymptotic region :     21
 Number of (j, K) pairs in long range region :      1
 Number of Gaussian-Legendre quadrature in interaction region :     51
 Number of Gaussian-Legendre quadrature in asymptotic region :     21
 Number of Gaussian-Legendre quadrature in long range region :      1
 Maximum numbers of (v, j, K) in interaction region =    20   50    0
 Maximum numbers of (v, j, K) in asymptotic region =     5   20    0
 
 =====> Initial WP infromation <=====
 
 Z0 =    55.000000000 , E0 (eV) =     0.018597630 , delta =     1.500000000
 Initial Gaussian wave-packet normalization check:     0.500000000
 Initial adiabatic total wave-packet normalization check:     0.500000000
 
 =====> Energy information <=====
 
 Total energy points:   101
 Collsion energy interval [     0.012398420 eV ,     0.024796840 eV ]
 Please check Energy_Info.chk !
 De Broglie wavelength for the lowest collision energy:     1.335151909 a.u.
 De Broglie wavelength for the highest collision energy:     0.944094969 a.u.
 
 =====> Vasb information <=====
 
 Absorbing potential in r:
 Range of Vabs: [    2.485463964,     3.485463964 ]
 When nDVR >=   13, the absorbing potential starts to work.
 Please ensure that the intermediate coordinate lies outside the absorbing region !!
 
 Absorbing potential in Z_lr:
 Range of Vabs: [   60.000000000,   200.000000000 ]
 When nDVR >=  560, the absorbing potential starts to work.
 Please ensure that the intermediate coordinate lies outside the absorbing region !!
 
 Absorbing potential in Z_asy:
 Note that the Vabs only works for the channel with (v, j, iPES) /= (v0, j0, initPES)!
 Range of Vabs: [   49.074451810,    54.074451810 ]
 When nDVR >=  450, the absorbing potential starts to work.
 Please ensure that the intermediate coordinate lies outside the absorbing region !!
 
 
 =====> Potential information <=====
 
 Calculating interaction potential in the interaction region...
 Calculating interaction potential in the asymptotic region...
 Calculating interaction potential in the long-range region...
 
 =====> Chebyshev scale information <=====
 
 Hmax(eV) =     23.45044  Hmin =      0.10283
 H+(eV) =     11.77663  H-(eV) =     11.67381
 Z Kinetic Max(eV) =      0.55311
 r Kinetic Max(eV) =      7.83430, r Kinetic Min(eV) =      0.25426
 Rotational Max(eV) =      7.43905
 CPE Max(eV) =      0.08493
 Vpot Max(eV) =      7.43905, Vpot Min(eV) =     -0.05143
 TimeStep Max =      5.41442
 TimeStep Min =      5.44266
 TimeStep Avg =      5.42854
 
 =====> Chebyshev propagation <=====
 
     Step       intNorm       asyNorm        lrNorm       totNorm      CPU(s)
 ----------------------------------------------------------------------------
        0       0.00000       0.09740       0.40260       0.50000          --
     5000       0.00000       0.50000       0.49989       0.99989      25.431
    10000       0.00000       0.50000       0.49309       0.99309      25.121
    15000       0.00000       0.50000       0.46176       0.96176      25.089
    20000       0.00000       0.50000       0.39385       0.89385      25.103
    25000       0.00000       0.50000       0.29404       0.79404      25.132
    30000       0.00067       0.50041       0.18523       0.68631      25.115
    35000       0.01773       0.36751       0.09535       0.48058      25.099
    40000       0.06574       0.58440       0.03909       0.68922      25.111
    45000       0.00889       0.50969       0.01254       0.53111      25.220
    50000       0.00013       0.50531       0.00312       0.50855      25.395
    55000       0.00061       0.50508       0.00060       0.50629      25.504
    60000       0.00013       0.50513       0.00030       0.50556      26.372
    65000       0.00079       0.49408       0.00705       0.50192      26.152
    70000       0.00026       0.44405       0.04758       0.49190      26.152
    75000       0.00180       0.33067       0.12542       0.45789      26.150
    80000       0.00019       0.22133       0.19514       0.41665      26.225
    85000       0.00032       0.15746       0.22156       0.37933      26.258
    90000       0.00010       0.11586       0.21694       0.33290      26.388
    95000       0.00055       0.09827       0.18977       0.28860      26.433
   100000       0.00029       0.08514       0.15041       0.23584      26.417
   105000       0.00033       0.07751       0.10760       0.18544      26.453
   110000       0.00006       0.06548       0.06985       0.13538      26.484
   115000       0.00010       0.05164       0.04144       0.09318      26.520
   120000       0.00042       0.04338       0.02272       0.06651      26.599
   125000       0.00028       0.03925       0.01192       0.05145      26.683
   130000       0.00018       0.03701       0.00633       0.04351      26.700
   135000       0.00010       0.03130       0.00384       0.03524      26.664
   140000       0.00011       0.02302       0.00304       0.02617      26.644
   145000       0.00007       0.02683       0.00237       0.02927      26.691
   150000       0.00012       0.02280       0.00202       0.02495      26.673
 
 Propagation done!
 
 =====> Inelastic channel setup <=====
 
 Number of (j,K) pairs for BC:   21
 Number of vibrational states :     5
 Total number of channels     :  105
 
 
 Inelastic channel list written: BC_channel.chk
 BC S-matrix written to file: BC_J0L0iPES1.Smat
